# JRE version: OpenJDK Runtime Environment Temurin-21.0.8+9 (21.0.8+9) (build 21.0.8+9-LTS)
# Java VM: OpenJDK 64-Bit Server VM Temurin-21.0.8+9 (21.0.8+9-LTS, mixed mode, sharing, tiered, compressed oops, compressed class ptrs, parallel gc, windows-amd64)
GC Precious Log:
 CardTable entry size: 512
 CPUs: 12 total, 12 available
 Memory: 7915M
 Large Page Support: Disabled
 NUMA Support: Disabled
 Compressed Oops: Enabled (32-bit)
 Alignments: Space 512K, Generation 512K, Heap 2M
 Heap Min Capacity: 100M
 Heap Initial Capacity: 100M
 Heap Max Capacity: 2G
 Pre-touch: Disabled
 Parallel Workers: 10
Heap:
 PSYoungGen      total 9728K, used 4646K [0x00000000d5580000, 0x00000000d6580000, 0x0000000100000000)
  eden space 9216K, 46% used [0x00000000d5580000,0x00000000d59b9b10,0x00000000d5e80000)
  from space 512K, 62% used [0x00000000d6480000,0x00000000d64d0000,0x00000000d6500000)
  to   space 512K, 0% used [0x00000000d6500000,0x00000000d6500000,0x00000000d6580000)
 ParOldGen       total 468992K, used 468529K [0x0000000080000000, 0x000000009ca00000, 0x00000000d5580000)
  object space 468992K, 99% used [0x0000000080000000,0x000000009c98c7e8,0x000000009ca00000)
 Metaspace       used 91719K, committed 93312K, reserved 1179648K
  class space    used 9074K, committed 9792K, reserved 1048576K
GC Heap History (20 events):
Event: 9395.912 GC heap before
{Heap before GC invocations=3571 (full 8):
 PSYoungGen      total 6144K, used 6131K [0x00000000d5580000, 0x00000000d6780000, 0x0000000100000000)
  eden space 4096K, 100% used [0x00000000d5580000,0x00000000d5980000,0x00000000d5980000)
  from space 2048K, 99% used [0x00000000d5980000,0x00000000d5b7ce90,0x00000000d5b80000)
  to   space 6656K, 0% used [0x00000000d6100000,0x00000000d6100000,0x00000000d6780000)
 ParOldGen       total 417792K, used 417629K [0x0000000080000000, 0x0000000099800000, 0x00000000d5580000)
  object space 417792K, 99% used [0x0000000080000000,0x00000000997d7638,0x0000000099800000)
 Metaspace       used 91678K, committed 93312K, reserved 1179648K
  class space    used 9074K, committed 9792K, reserved 1048576K
}
Event: 9395.914 GC heap after
{Heap after GC invocations=3571 (full 8):
 PSYoungGen      total 7168K, used 1600K [0x00000000d5580000, 0x00000000d6300000, 0x0000000100000000)
  eden space 5120K, 0% used [0x00000000d5580000,0x00000000d5580000,0x00000000d5a80000)
  from space 2048K, 78% used [0x00000000d6100000,0x00000000d62902b0,0x00000000d6300000)
  to   space 3584K, 0% used [0x00000000d5c00000,0x00000000d5c00000,0x00000000d5f80000)
 ParOldGen       total 419840K, used 419674K [0x0000000080000000, 0x0000000099a00000, 0x00000000d5580000)
  object space 419840K, 99% used [0x0000000080000000,0x00000000999d69b8,0x0000000099a00000)
 Metaspace       used 91678K, committed 93312K, reserved 1179648K
  class space    used 9074K, committed 9792K, reserved 1048576K
}
Event: 9395.923 GC heap before
{Heap before GC invocations=3572 (full 8):
 PSYoungGen      total 7168K, used 6720K [0x00000000d5580000, 0x00000000d6300000, 0x0000000100000000)
  eden space 5120K, 100% used [0x00000000d5580000,0x00000000d5a80000,0x00000000d5a80000)
  from space 2048K, 78% used [0x00000000d6100000,0x00000000d62902b0,0x00000000d6300000)
  to   space 3584K, 0% used [0x00000000d5c00000,0x00000000d5c00000,0x00000000d5f80000)
 ParOldGen       total 419840K, used 419674K [0x0000000080000000, 0x0000000099a00000, 0x00000000d5580000)
  object space 419840K, 99% used [0x0000000080000000,0x00000000999d69b8,0x0000000099a00000)
 Metaspace       used 91678K, committed 93312K, reserved 1179648K
  class space    used 9074K, committed 9792K, reserved 1048576K
}
Event: 9395.926 GC heap after
{Heap after GC invocations=3572 (full 8):
 PSYoungGen      total 9728K, used 3584K [0x00000000d5580000, 0x00000000d6a80000, 0x0000000100000000)
  eden space 6144K, 0% used [0x00000000d5580000,0x00000000d5580000,0x00000000d5b80000)
  from space 3584K, 100% used [0x00000000d5c00000,0x00000000d5f80000,0x00000000d5f80000)
  to   space 7680K, 0% used [0x00000000d6300000,0x00000000d6300000,0x00000000d6a80000)
 ParOldGen       total 422912K, used 422555K [0x0000000080000000, 0x0000000099d00000, 0x00000000d5580000)
  object space 422912K, 99% used [0x0000000080000000,0x0000000099ca6c88,0x0000000099d00000)
 Metaspace       used 91678K, committed 93312K, reserved 1179648K
  class space    used 9074K, committed 9792K, reserved 1048576K
}
Event: 9395.967 GC heap before
{Heap before GC invocations=3573 (full 8):
 PSYoungGen      total 9728K, used 9728K [0x00000000d5580000, 0x00000000d6a80000, 0x0000000100000000)
  eden space 6144K, 100% used [0x00000000d5580000,0x00000000d5b80000,0x00000000d5b80000)
  from space 3584K, 100% used [0x00000000d5c00000,0x00000000d5f80000,0x00000000d5f80000)
  to   space 7680K, 0% used [0x00000000d6300000,0x00000000d6300000,0x00000000d6a80000)
 ParOldGen       total 454656K, used 453275K [0x0000000080000000, 0x000000009bc00000, 0x00000000d5580000)
  object space 454656K, 99% used [0x0000000080000000,0x000000009baa6cb8,0x000000009bc00000)
 Metaspace       used 91678K, committed 93312K, reserved 1179648K
  class space    used 9074K, committed 9792K, reserved 1048576K
}
Event: 9395.974 GC heap after
{Heap after GC invocations=3573 (full 8):
 PSYoungGen      total 11776K, used 3680K [0x00000000d5580000, 0x00000000d6700000, 0x0000000100000000)
  eden space 7680K, 0% used [0x00000000d5580000,0x00000000d5580000,0x00000000d5d00000)
  from space 4096K, 89% used [0x00000000d6300000,0x00000000d6698000,0x00000000d6700000)
  to   space 5120K, 0% used [0x00000000d5d00000,0x00000000d5d00000,0x00000000d6200000)
 ParOldGen       total 457216K, used 456923K [0x0000000080000000, 0x000000009be80000, 0x00000000d5580000)
  object space 457216K, 99% used [0x0000000080000000,0x000000009be36cb8,0x000000009be80000)
 Metaspace       used 91678K, committed 93312K, reserved 1179648K
  class space    used 9074K, committed 9792K, reserved 1048576K
}
Event: 9396.002 GC heap before
{Heap before GC invocations=3574 (full 8):
 PSYoungGen      total 11776K, used 11360K [0x00000000d5580000, 0x00000000d6700000, 0x0000000100000000)
  eden space 7680K, 100% used [0x00000000d5580000,0x00000000d5d00000,0x00000000d5d00000)
  from space 4096K, 89% used [0x00000000d6300000,0x00000000d6698000,0x00000000d6700000)
  to   space 5120K, 0% used [0x00000000d5d00000,0x00000000d5d00000,0x00000000d6200000)
 ParOldGen       total 457216K, used 456923K [0x0000000080000000, 0x000000009be80000, 0x00000000d5580000)
  object space 457216K, 99% used [0x0000000080000000,0x000000009be36cb8,0x000000009be80000)
 Metaspace       used 91679K, committed 93312K, reserved 1179648K
  class space    used 9074K, committed 9792K, reserved 1048576K
}
Event: 9396.007 GC heap after
{Heap after GC invocations=3574 (full 8):
 PSYoungGen      total 12800K, used 5089K [0x00000000d5580000, 0x00000000d7180000, 0x0000000100000000)
  eden space 7680K, 0% used [0x00000000d5580000,0x00000000d5580000,0x00000000d5d00000)
  from space 5120K, 99% used [0x00000000d5d00000,0x00000000d61f8640,0x00000000d6200000)
  to   space 9728K, 0% used [0x00000000d6800000,0x00000000d6800000,0x00000000d7180000)
 ParOldGen       total 460800K, used 460419K [0x0000000080000000, 0x000000009c200000, 0x00000000d5580000)
  object space 460800K, 99% used [0x0000000080000000,0x000000009c1a0cb8,0x000000009c200000)
 Metaspace       used 91679K, committed 93312K, reserved 1179648K
  class space    used 9074K, committed 9792K, reserved 1048576K
}
Event: 9396.028 GC heap before
{Heap before GC invocations=3575 (full 8):
 PSYoungGen      total 12800K, used 12769K [0x00000000d5580000, 0x00000000d7180000, 0x0000000100000000)
  eden space 7680K, 100% used [0x00000000d5580000,0x00000000d5d00000,0x00000000d5d00000)
  from space 5120K, 99% used [0x00000000d5d00000,0x00000000d61f8640,0x00000000d6200000)
  to   space 9728K, 0% used [0x00000000d6800000,0x00000000d6800000,0x00000000d7180000)
 ParOldGen       total 460800K, used 460419K [0x0000000080000000, 0x000000009c200000, 0x00000000d5580000)
  object space 460800K, 99% used [0x0000000080000000,0x000000009c1a0cb8,0x000000009c200000)
 Metaspace       used 91687K, committed 93312K, reserved 1179648K
  class space    used 9074K, committed 9792K, reserved 1048576K
}
Event: 9396.035 GC heap after
{Heap after GC invocations=3575 (full 8):
 PSYoungGen      total 12800K, used 3367K [0x00000000d5580000, 0x00000000d6b80000, 0x0000000100000000)
  eden space 9216K, 0% used [0x00000000d5580000,0x00000000d5580000,0x00000000d5e80000)
  from space 3584K, 93% used [0x00000000d6800000,0x00000000d6b49c98,0x00000000d6b80000)
  to   space 5632K, 0% used [0x00000000d6080000,0x00000000d6080000,0x00000000d6600000)
 ParOldGen       total 465408K, used 465398K [0x0000000080000000, 0x000000009c680000, 0x00000000d5580000)
  object space 465408K, 99% used [0x0000000080000000,0x000000009c67dbd8,0x000000009c680000)
 Metaspace       used 91687K, committed 93312K, reserved 1179648K
  class space    used 9074K, committed 9792K, reserved 1048576K
}
Event: 9396.486 GC heap before
{Heap before GC invocations=3576 (full 8):
 PSYoungGen      total 12800K, used 12583K [0x00000000d5580000, 0x00000000d6b80000, 0x0000000100000000)
  eden space 9216K, 100% used [0x00000000d5580000,0x00000000d5e80000,0x00000000d5e80000)
  from space 3584K, 93% used [0x00000000d6800000,0x00000000d6b49c98,0x00000000d6b80000)
  to   space 5632K, 0% used [0x00000000d6080000,0x00000000d6080000,0x00000000d6600000)
 ParOldGen       total 465408K, used 465398K [0x0000000080000000, 0x000000009c680000, 0x00000000d5580000)
  object space 465408K, 99% used [0x0000000080000000,0x000000009c67dbd8,0x000000009c680000)
 Metaspace       used 91687K, committed 93312K, reserved 1179648K
  class space    used 9074K, committed 9792K, reserved 1048576K
}
Event: 9396.493 GC heap after
{Heap after GC invocations=3576 (full 8):
 PSYoungGen      total 11264K, used 1918K [0x00000000d5580000, 0x00000000d6880000, 0x0000000100000000)
  eden space 9216K, 0% used [0x00000000d5580000,0x00000000d5580000,0x00000000d5e80000)
  from space 2048K, 93% used [0x00000000d6080000,0x00000000d625fb10,0x00000000d6280000)
  to   space 3072K, 0% used [0x00000000d6580000,0x00000000d6580000,0x00000000d6880000)
 ParOldGen       total 467968K, used 467752K [0x0000000080000000, 0x000000009c900000, 0x00000000d5580000)
  object space 467968K, 99% used [0x0000000080000000,0x000000009c8ca2a0,0x000000009c900000)
 Metaspace       used 91687K, committed 93312K, reserved 1179648K
  class space    used 9074K, committed 9792K, reserved 1048576K
}
Event: 9396.790 GC heap before
{Heap before GC invocations=3577 (full 8):
 PSYoungGen      total 11264K, used 11134K [0x00000000d5580000, 0x00000000d6880000, 0x0000000100000000)
  eden space 9216K, 100% used [0x00000000d5580000,0x00000000d5e80000,0x00000000d5e80000)
  from space 2048K, 93% used [0x00000000d6080000,0x00000000d625fb10,0x00000000d6280000)
  to   space 3072K, 0% used [0x00000000d6580000,0x00000000d6580000,0x00000000d6880000)
 ParOldGen       total 467968K, used 467752K [0x0000000080000000, 0x000000009c900000, 0x00000000d5580000)
  object space 467968K, 99% used [0x0000000080000000,0x000000009c8ca2a0,0x000000009c900000)
 Metaspace       used 91687K, committed 93312K, reserved 1179648K
  class space    used 9074K, committed 9792K, reserved 1048576K
}
Event: 9396.792 GC heap after
{Heap after GC invocations=3577 (full 8):
 PSYoungGen      total 9728K, used 160K [0x00000000d5580000, 0x00000000d6600000, 0x0000000100000000)
  eden space 9216K, 0% used [0x00000000d5580000,0x00000000d5580000,0x00000000d5e80000)
  from space 512K, 31% used [0x00000000d6580000,0x00000000d65a8000,0x00000000d6600000)
  to   space 1024K, 0% used [0x00000000d6400000,0x00000000d6400000,0x00000000d6500000)
 ParOldGen       total 468480K, used 468385K [0x0000000080000000, 0x000000009c980000, 0x00000000d5580000)
  object space 468480K, 99% used [0x0000000080000000,0x000000009c9687e8,0x000000009c980000)
 Metaspace       used 91687K, committed 93312K, reserved 1179648K
  class space    used 9074K, committed 9792K, reserved 1048576K
}
Event: 9397.149 GC heap before
{Heap before GC invocations=3578 (full 8):
 PSYoungGen      total 9728K, used 9376K [0x00000000d5580000, 0x00000000d6600000, 0x0000000100000000)
  eden space 9216K, 100% used [0x00000000d5580000,0x00000000d5e80000,0x00000000d5e80000)
  from space 512K, 31% used [0x00000000d6580000,0x00000000d65a8000,0x00000000d6600000)
  to   space 1024K, 0% used [0x00000000d6400000,0x00000000d6400000,0x00000000d6500000)
 ParOldGen       total 468480K, used 468385K [0x0000000080000000, 0x000000009c980000, 0x00000000d5580000)
  object space 468480K, 99% used [0x0000000080000000,0x000000009c9687e8,0x000000009c980000)
 Metaspace       used 91687K, committed 93312K, reserved 1179648K
  class space    used 9074K, committed 9792K, reserved 1048576K
}
Event: 9397.150 GC heap after
{Heap after GC invocations=3578 (full 8):
 PSYoungGen      total 10240K, used 724K [0x00000000d5580000, 0x00000000d6600000, 0x0000000100000000)
  eden space 9216K, 0% used [0x00000000d5580000,0x00000000d5580000,0x00000000d5e80000)
  from space 1024K, 70% used [0x00000000d6400000,0x00000000d64b5200,0x00000000d6500000)
  to   space 1024K, 0% used [0x00000000d6500000,0x00000000d6500000,0x00000000d6600000)
 ParOldGen       total 468480K, used 468425K [0x0000000080000000, 0x000000009c980000, 0x00000000d5580000)
  object space 468480K, 99% used [0x0000000080000000,0x000000009c9727e8,0x000000009c980000)
 Metaspace       used 91687K, committed 93312K, reserved 1179648K
  class space    used 9074K, committed 9792K, reserved 1048576K
}
Event: 9399.280 GC heap before
{Heap before GC invocations=3579 (full 8):
 PSYoungGen      total 10240K, used 9940K [0x00000000d5580000, 0x00000000d6600000, 0x0000000100000000)
  eden space 9216K, 100% used [0x00000000d5580000,0x00000000d5e80000,0x00000000d5e80000)
  from space 1024K, 70% used [0x00000000d6400000,0x00000000d64b5200,0x00000000d6500000)
  to   space 1024K, 0% used [0x00000000d6500000,0x00000000d6500000,0x00000000d6600000)
 ParOldGen       total 468480K, used 468425K [0x0000000080000000, 0x000000009c980000, 0x00000000d5580000)
  object space 468480K, 99% used [0x0000000080000000,0x000000009c9727e8,0x000000009c980000)
 Metaspace       used 91687K, committed 93312K, reserved 1179648K
  class space    used 9074K, committed 9792K, reserved 1048576K
}
Event: 9399.282 GC heap after
{Heap after GC invocations=3579 (full 8):
 PSYoungGen      total 9728K, used 224K [0x00000000d5580000, 0x00000000d6580000, 0x0000000100000000)
  eden space 9216K, 0% used [0x00000000d5580000,0x00000000d5580000,0x00000000d5e80000)
  from space 512K, 43% used [0x00000000d6500000,0x00000000d6538000,0x00000000d6580000)
  to   space 512K, 0% used [0x00000000d6480000,0x00000000d6480000,0x00000000d6500000)
 ParOldGen       total 468480K, used 468473K [0x0000000080000000, 0x000000009c980000, 0x00000000d5580000)
  object space 468480K, 99% used [0x0000000080000000,0x000000009c97e7e8,0x000000009c980000)
 Metaspace       used 91687K, committed 93312K, reserved 1179648K
  class space    used 9074K, committed 9792K, reserved 1048576K
}
Event: 9432.886 GC heap before
{Heap before GC invocations=3580 (full 8):
 PSYoungGen      total 9728K, used 9440K [0x00000000d5580000, 0x00000000d6580000, 0x0000000100000000)
  eden space 9216K, 100% used [0x00000000d5580000,0x00000000d5e80000,0x00000000d5e80000)
  from space 512K, 43% used [0x00000000d6500000,0x00000000d6538000,0x00000000d6580000)
  to   space 512K, 0% used [0x00000000d6480000,0x00000000d6480000,0x00000000d6500000)
 ParOldGen       total 468480K, used 468473K [0x0000000080000000, 0x000000009c980000, 0x00000000d5580000)
  object space 468480K, 99% used [0x0000000080000000,0x000000009c97e7e8,0x000000009c980000)
 Metaspace       used 91717K, committed 93312K, reserved 1179648K
  class space    used 9074K, committed 9792K, reserved 1048576K
}
Event: 9432.887 GC heap after
{Heap after GC invocations=3580 (full 8):
 PSYoungGen      total 9728K, used 320K [0x00000000d5580000, 0x00000000d6580000, 0x0000000100000000)
  eden space 9216K, 0% used [0x00000000d5580000,0x00000000d5580000,0x00000000d5e80000)
  from space 512K, 62% used [0x00000000d6480000,0x00000000d64d0000,0x00000000d6500000)
  to   space 512K, 0% used [0x00000000d6500000,0x00000000d6500000,0x00000000d6580000)
 ParOldGen       total 468992K, used 468529K [0x0000000080000000, 0x000000009ca00000, 0x00000000d5580000)
  object space 468992K, 99% used [0x0000000080000000,0x000000009c98c7e8,0x000000009ca00000)
 Metaspace       used 91717K, committed 93312K, reserved 1179648K
  class space    used 9074K, committed 9792K, reserved 1048576K
}

